\BOOKMARK [0][-]{chapter.1}{\376\377\000A\000b\000o\000u\000t\000\040\000R\000A\000G\000F\000l\000o\000w\000:\000\040\000N\000a\000m\000e\000d\000\040\000A\000m\000o\000n\000g\000\040\000G\000i\000t\000H\000u\000b\040\031\000s\000\040\000F\000a\000s\000t\000e\000s\000t\000-\000G\000r\000o\000w\000i\000n\000g\000\040\000O\000p\000e\000n\000\040\000S\000o\000u\000r\000c\000e\000\040\000P\000r\000o\000j\000e\000c\000t\000s}{}% 1
\BOOKMARK [1][-]{section.1.1}{\376\377\000T\000h\000e\000\040\000R\000i\000s\000e\000\040\000o\000f\000\040\000R\000e\000t\000r\000i\000e\000v\000a\000l\000-\000A\000u\000g\000m\000e\000n\000t\000e\000d\000\040\000G\000e\000n\000e\000r\000a\000t\000i\000o\000n\000\040\000i\000n\000\040\000P\000r\000o\000d\000u\000c\000t\000i\000o\000n}{chapter.1}% 2
\BOOKMARK [1][-]{section.1.2}{\376\377\000W\000h\000y\000\040\000R\000A\000G\000F\000l\000o\000w\000\040\000R\000e\000s\000o\000n\000a\000t\000e\000s\000\040\000i\000n\000\040\000t\000h\000e\000\040\000A\000I\000\040\000E\000r\000a}{chapter.1}% 3
\BOOKMARK [1][-]{section.1.3}{\376\377\000A\000\040\000P\000r\000o\000j\000e\000c\000t\000\040\000i\000n\000\040\000A\000c\000t\000i\000v\000e\000\040\000D\000e\000v\000e\000l\000o\000p\000m\000e\000n\000t}{chapter.1}% 4
\BOOKMARK [1][-]{section.1.4}{\376\377\000C\000o\000n\000c\000l\000u\000s\000i\000o\000n}{chapter.1}% 5
\BOOKMARK [0][-]{chapter.2}{\376\377\000R\000A\000G\000F\000l\000o\000w\000\040\000S\000y\000s\000t\000e\000m\000\040\000A\000r\000c\000h\000i\000t\000e\000c\000t\000u\000r\000e}{}% 6
\BOOKMARK [1][-]{section.2.1}{\376\377\000O\000v\000e\000r\000v\000i\000e\000w}{chapter.2}% 7
\BOOKMARK [1][-]{section.2.2}{\376\377\000C\000o\000r\000e\000\040\000I\000n\000f\000r\000a\000s\000t\000r\000u\000c\000t\000u\000r\000e\000\040\000C\000o\000n\000t\000a\000i\000n\000e\000r\000s}{chapter.2}% 8
\BOOKMARK [1][-]{section.2.3}{\376\377\000R\000A\000G\000F\000l\000o\000w\000\040\000A\000p\000p\000l\000i\000c\000a\000t\000i\000o\000n\000\040\000C\000o\000n\000t\000a\000i\000n\000e\000r\000s}{chapter.2}% 9
\BOOKMARK [1][-]{section.2.4}{\376\377\000H\000i\000g\000h\000-\000L\000e\000v\000e\000l\000\040\000A\000r\000c\000h\000i\000t\000e\000c\000t\000u\000r\000e\000\040\000D\000i\000a\000g\000r\000a\000m}{chapter.2}% 10
\BOOKMARK [1][-]{section.2.5}{\376\377\000D\000a\000t\000a\000\040\000\046\000\040\000E\000x\000e\000c\000u\000t\000i\000o\000n\000\040\000F\000l\000o\000w}{chapter.2}% 11
\BOOKMARK [0][-]{chapter.3}{\376\377\000W\000h\000y\000\040\000I\000n\000f\000i\000n\000i\000f\000l\000o\000w\000\040\000R\000A\000G\000F\000l\000o\000w\000\040\000U\000s\000e\000s\000\040\000a\000\040\000R\000e\000r\000a\000n\000k\000e\000r\000,\000\040\000a\000n\000\040\000E\000m\000b\000e\000d\000d\000i\000n\000g\000\040\000M\000o\000d\000e\000l\000,\000\040\000a\000n\000d\000\040\000a\000\040\000C\000h\000a\000t\000\040\000M\000o\000d\000e\000l}{}% 12
\BOOKMARK [1][-]{section.3.1}{\376\377\000S\000y\000n\000e\000r\000g\000y\000\040\000o\000f\000\040\000t\000h\000e\000\040\000T\000h\000r\000e\000e\000\040\000M\000o\000d\000e\000l\000s}{chapter.3}% 13
\BOOKMARK [0][-]{chapter.4}{\376\377\000W\000h\000y\000\040\000v\000L\000L\000M\000\040\000i\000s\000\040\000U\000s\000e\000d\000\040\000t\000o\000\040\000S\000e\000r\000v\000e\000\040\000t\000h\000e\000\040\000R\000e\000r\000a\000n\000k\000e\000r\000\040\000M\000o\000d\000e\000l}{}% 14
\BOOKMARK [1][-]{section.4.1}{\376\377\000K\000e\000y\000\040\000R\000e\000a\000s\000o\000n\000s\000\040\000f\000o\000r\000\040\000U\000s\000i\000n\000g\000\040\000v\000L\000L\000M\000\040\000t\000o\000\040\000S\000e\000r\000v\000e\000\040\000t\000h\000e\000\040\000R\000e\000r\000a\000n\000k\000e\000r}{chapter.4}% 15
\BOOKMARK [1][-]{section.4.2}{\376\377\000S\000e\000r\000v\000i\000n\000g\000\040\000t\000h\000e\000\040\000R\000e\000r\000a\000n\000k\000e\000r\000\040\000L\000o\000c\000a\000l\000l\000y\000\040\000w\000i\000t\000h\000\040\000v\000L\000L\000M}{chapter.4}% 16
\BOOKMARK [1][-]{section.4.3}{\376\377\000R\000A\000G\000F\000l\000o\000w\000\040\000I\000n\000t\000e\000g\000r\000a\000t\000i\000o\000n}{chapter.4}% 17
\BOOKMARK [0][-]{chapter.5}{\376\377\000S\000e\000r\000v\000i\000n\000g\000\040\000v\000L\000L\000M\000\040\000R\000e\000r\000a\000n\000k\000e\000r\000\040\000U\000s\000i\000n\000g\000\040\000D\000o\000c\000k\000e\000r\000\040\000\050\000C\000P\000U\000-\000O\000n\000l\000y\000\051}{}% 18
\BOOKMARK [1][-]{section.5.1}{\376\377\000D\000o\000c\000k\000e\000r\000\040\000C\000o\000m\000p\000o\000s\000e\000\040\000C\000o\000n\000f\000i\000g\000u\000r\000a\000t\000i\000o\000n\000\040\000\050\000C\000P\000U\000\040\000M\000o\000d\000e\000\051}{chapter.5}% 19
\BOOKMARK [1][-]{section.5.2}{\376\377\000K\000e\000y\000\040\000C\000o\000m\000p\000o\000n\000e\000n\000t\000s\000\040\000E\000x\000p\000l\000a\000i\000n\000e\000d}{chapter.5}% 20
\BOOKMARK [1][-]{section.5.3}{\376\377\000W\000h\000y\000\040\000t\000h\000e\000\040\000M\000o\000d\000e\000l\000\040\000M\000u\000s\000t\000\040\000B\000e\000\040\000P\000r\000e\000-\000D\000o\000w\000n\000l\000o\000a\000d\000e\000d\000\040\000L\000o\000c\000a\000l\000l\000y}{chapter.5}% 21
\BOOKMARK [1][-]{section.5.4}{\376\377\000W\000h\000y\000\040\000C\000P\000U\000-\000O\000n\000l\000y\000\040\000\050\000N\000o\000\040\000G\000P\000U\000\051\000?}{chapter.5}% 22
\BOOKMARK [1][-]{section.5.5}{\376\377\000S\000t\000a\000r\000t\000\040\000t\000h\000e\000\040\000S\000e\000r\000v\000i\000c\000e}{chapter.5}% 23
\BOOKMARK [1][-]{section.5.6}{\376\377\000V\000e\000r\000i\000f\000y\000\040\000A\000v\000a\000i\000l\000a\000b\000i\000l\000i\000t\000y}{chapter.5}% 24
\BOOKMARK [1][-]{section.5.7}{\376\377\000I\000n\000t\000e\000g\000r\000a\000t\000i\000o\000n\000\040\000w\000i\000t\000h\000\040\000R\000A\000G\000F\000l\000o\000w}{chapter.5}% 25
\BOOKMARK [1][-]{section.5.8}{\376\377\000B\000e\000n\000e\000f\000i\000t\000s\000\040\000o\000f\000\040\000T\000h\000i\000s\000\040\000C\000P\000U\000\040\000+\000\040\000D\000o\000c\000k\000e\000r\000\040\000S\000e\000t\000u\000p}{chapter.5}% 26
\BOOKMARK [0][-]{chapter.6}{\376\377\000I\000n\000t\000e\000g\000r\000a\000t\000i\000n\000g\000\040\000v\000L\000L\000M\000\040\000w\000i\000t\000h\000\040\000R\000A\000G\000F\000l\000o\000w\000\040\000v\000i\000a\000\040\000D\000o\000c\000k\000e\000r\000\040\000N\000e\000t\000w\000o\000r\000k}{}% 27
\BOOKMARK [1][-]{section.6.1}{\376\377\000W\000h\000y\000\040\000N\000e\000t\000w\000o\000r\000k\000\040\000C\000o\000n\000f\000i\000g\000u\000r\000a\000t\000i\000o\000n\000\040\000i\000s\000\040\000R\000e\000q\000u\000i\000r\000e\000d}{chapter.6}% 28
\BOOKMARK [1][-]{section.6.2}{\376\377\000S\000t\000e\000p\000-\000b\000y\000-\000S\000t\000e\000p\000:\000\040\000C\000o\000n\000f\000i\000g\000u\000r\000e\000\040\000D\000o\000c\000k\000e\000r\000\040\000N\000e\000t\000w\000o\000r\000k}{chapter.6}% 29
\BOOKMARK [1][-]{section.6.3}{\376\377\000A\000r\000c\000h\000i\000t\000e\000c\000t\000u\000r\000e\000\040\000D\000i\000a\000g\000r\000a\000m}{chapter.6}% 30
\BOOKMARK [1][-]{section.6.4}{\376\377\000V\000e\000r\000i\000f\000i\000c\000a\000t\000i\000o\000n}{chapter.6}% 31
\BOOKMARK [1][-]{section.6.5}{\376\377\000B\000e\000n\000e\000f\000i\000t\000s\000\040\000o\000f\000\040\000T\000h\000i\000s\000\040\000S\000e\000t\000u\000p}{chapter.6}% 32
\BOOKMARK [1][-]{section.6.6}{\376\377\000T\000r\000o\000u\000b\000l\000e\000s\000h\000o\000o\000t\000i\000n\000g\000\040\000T\000i\000p\000s}{chapter.6}% 33
\BOOKMARK [1][-]{section.6.7}{\376\377\000S\000u\000m\000m\000a\000r\000y}{chapter.6}% 34
\BOOKMARK [0][-]{chapter.7}{\376\377\000B\000a\000t\000c\000h\000\040\000P\000r\000o\000c\000e\000s\000s\000i\000n\000g\000\040\000a\000n\000d\000\040\000M\000e\000t\000a\000d\000a\000t\000a\000\040\000M\000a\000n\000a\000g\000e\000m\000e\000n\000t\000\040\000i\000n\000\040\000I\000n\000f\000i\000n\000i\000f\000l\000o\000w\000\040\000R\000A\000G\000F\000l\000o\000w}{}% 35
\BOOKMARK [1][-]{section.7.1}{\376\377\000A\000P\000I\000\040\000B\000a\000s\000e\000\040\000U\000R\000L}{chapter.7}% 36
\BOOKMARK [1][-]{section.7.2}{\376\377\000A\000u\000t\000h\000e\000n\000t\000i\000c\000a\000t\000i\000o\000n}{chapter.7}% 37
\BOOKMARK [1][-]{section.7.3}{\376\377\000S\000t\000e\000p\000\040\0001\000:\000\040\000R\000e\000t\000r\000i\000e\000v\000e\000\040\000D\000a\000t\000a\000s\000e\000t\000\040\000a\000n\000d\000\040\000D\000o\000c\000u\000m\000e\000n\000t\000\040\000I\000D\000s}{chapter.7}% 38
\BOOKMARK [1][-]{section.7.4}{\376\377\000S\000t\000e\000p\000\040\0002\000:\000\040\000A\000d\000d\000\040\000M\000e\000t\000a\000d\000a\000t\000a\000\040\000t\000o\000\040\000a\000\040\000D\000o\000c\000u\000m\000e\000n\000t\000\040\000\050\000v\000i\000a\000\040\000P\000U\000T\000\051}{chapter.7}% 39
\BOOKMARK [1][-]{section.7.5}{\376\377\000U\000s\000e\000\040\000C\000a\000s\000e\000:\000\040\000B\000a\000t\000c\000h\000\040\000M\000e\000t\000a\000d\000a\000t\000a\000\040\000E\000n\000r\000i\000c\000h\000m\000e\000n\000t}{chapter.7}% 40
\BOOKMARK [1][-]{section.7.6}{\376\377\000O\000t\000h\000e\000r\000\040\000B\000a\000t\000c\000h\000-\000C\000a\000p\000a\000b\000l\000e\000\040\000E\000n\000d\000p\000o\000i\000n\000t\000s}{chapter.7}% 41
\BOOKMARK [1][-]{section.7.7}{\376\377\000B\000e\000s\000t\000\040\000P\000r\000a\000c\000t\000i\000c\000e\000s}{chapter.7}% 42
\BOOKMARK [1][-]{section.7.8}{\376\377\000S\000e\000e\000\040\000a\000l\000s\000o\000:}{chapter.7}% 43
\BOOKMARK [1][-]{section.7.9}{\376\377\000S\000u\000m\000m\000a\000r\000y}{chapter.7}% 44
\BOOKMARK [0][-]{chapter.8}{\376\377\000H\000o\000w\000\040\000t\000h\000e\000\040\000K\000n\000o\000w\000l\000e\000d\000g\000e\000\040\000G\000r\000a\000p\000h\000\040\000i\000n\000\040\000I\000n\000f\000i\000n\000i\000f\000l\000o\000w\000/\000R\000A\000G\000F\000l\000o\000w\000\040\000W\000o\000r\000k\000s}{}% 45
\BOOKMARK [1][-]{section.8.1}{\376\377\000O\000v\000e\000r\000v\000i\000e\000w}{chapter.8}% 46
\BOOKMARK [1][-]{section.8.2}{\376\377\000C\000o\000n\000s\000t\000r\000u\000c\000t\000i\000o\000n\000\040\000P\000r\000o\000c\000e\000s\000s}{chapter.8}% 47
\BOOKMARK [1][-]{section.8.3}{\376\377\000Q\000u\000e\000r\000y\000\040\000a\000n\000d\000\040\000R\000e\000t\000r\000i\000e\000v\000a\000l\000\040\000P\000r\000o\000c\000e\000s\000s}{chapter.8}% 48
\BOOKMARK [1][-]{section.8.4}{\376\377\000K\000e\000y\000\040\000F\000e\000a\000t\000u\000r\000e\000s\000\040\000a\000n\000d\000\040\000L\000i\000m\000i\000t\000a\000t\000i\000o\000n\000s}{chapter.8}% 49
\BOOKMARK [0][-]{chapter.9}{\376\377\000R\000u\000n\000n\000i\000n\000g\000\040\000L\000l\000a\000m\000a\000\040\0003\000.\0001\000\040\000w\000i\000t\000h\000\040\000l\000l\000a\000m\000a\000.\000c\000p\000p}{}% 50
\BOOKMARK [1][-]{section.9.1}{\376\377\0001\000.\000\040\000M\000o\000d\000e\000l\000\040\000F\000o\000r\000m\000a\000t\000:\000\040\000G\000G\000U\000F}{chapter.9}% 51
\BOOKMARK [1][-]{section.9.2}{\376\377\0002\000.\000\040\000C\000o\000m\000p\000i\000l\000e\000\040\000l\000l\000a\000m\000a\000.\000c\000p\000p\000\040\000f\000o\000r\000\040\000I\000n\000t\000e\000l\000\040\000i\0007\000\040\000\050\000C\000P\000U\000-\000o\000n\000l\000y\000\051}{chapter.9}% 52
\BOOKMARK [1][-]{section.9.3}{\376\377\0003\000.\000\040\000R\000u\000n\000\040\000t\000h\000e\000\040\000M\000o\000d\000e\000l\000\040\000w\000i\000t\000h\000\040\000W\000e\000b\000\040\000I\000n\000t\000e\000r\000f\000a\000c\000e}{chapter.9}% 53
\BOOKMARK [2][-]{subsection.9.3.1}{\376\377\000F\000e\000a\000t\000u\000r\000e\000s}{section.9.3}% 54
\BOOKMARK [1][-]{section.9.4}{\376\377\0004\000.\000\040\000C\000o\000m\000p\000i\000l\000e\000\040\000l\000l\000a\000m\000a\000.\000c\000p\000p\000\040\000w\000i\000t\000h\000\040\000N\000V\000I\000D\000I\000A\000\040\000G\000P\000U\000\040\000S\000u\000p\000p\000o\000r\000t\000\040\000\050\000C\000U\000D\000A\000\051}{chapter.9}% 55
\BOOKMARK [2][-]{subsection.9.4.1}{\376\377\000P\000r\000e\000r\000e\000q\000u\000i\000s\000i\000t\000e\000s}{section.9.4}% 56
\BOOKMARK [2][-]{subsection.9.4.2}{\376\377\000B\000u\000i\000l\000d\000\040\000w\000i\000t\000h\000\040\000C\000U\000D\000A}{section.9.4}% 57
\BOOKMARK [2][-]{subsection.9.4.3}{\376\377\000R\000u\000n\000\040\000w\000i\000t\000h\000\040\000G\000P\000U\000\040\000o\000f\000f\000l\000o\000a\000d\000i\000n\000g}{section.9.4}% 58
\BOOKMARK [1][-]{section.9.5}{\376\377\000S\000u\000m\000m\000a\000r\000y}{chapter.9}% 59
\BOOKMARK [0][-]{chapter.10}{\376\377\000R\000u\000n\000n\000i\000n\000g\000\040\000M\000u\000l\000t\000i\000p\000l\000e\000\040\000M\000o\000d\000e\000l\000s\000\040\000o\000n\000\040\000l\000l\000a\000m\000a\000.\000c\000p\000p\000\040\000U\000s\000i\000n\000g\000\040\000D\000o\000c\000k\000e\000r}{}% 60
\BOOKMARK [1][-]{section.10.1}{\376\377\000E\000x\000a\000m\000p\000l\000e\000\040\000d\000o\000c\000k\000e\000r\000-\000c\000o\000m\000p\000o\000s\000e\000.\000y\000m\000l}{chapter.10}% 61
\BOOKMARK [1][-]{section.10.2}{\376\377\000K\000e\000y\000\040\000C\000o\000n\000f\000i\000g\000u\000r\000a\000t\000i\000o\000n\000\040\000N\000o\000t\000e\000s}{chapter.10}% 62
\BOOKMARK [1][-]{section.10.3}{\376\377\000U\000s\000a\000g\000e}{chapter.10}% 63
\BOOKMARK [0][-]{chapter.11}{\376\377\000D\000e\000p\000l\000o\000y\000i\000n\000g\000\040\000L\000L\000M\000s\000\040\000i\000n\000\040\000H\000y\000b\000r\000i\000d\000\040\000C\000l\000o\000u\000d\000:\000\040\000W\000h\000y\000\040\000l\000l\000a\000m\000a\000.\000c\000p\000p\000\040\000W\000i\000n\000s\000\040\000f\000o\000r\000\040\000U\000s}{}% 64
\BOOKMARK [1][-]{section.11.1}{\376\377\0001\000.\000\040\000C\000u\000r\000r\000e\000n\000t\000\040\000S\000e\000t\000u\000p\000:\000\040\000O\000l\000l\000a\000m\000a\000\040\000i\000n\000\040\000T\000e\000s\000t\000i\000n\000g}{chapter.11}% 65
\BOOKMARK [1][-]{section.11.2}{\376\377\0002\000.\000\040\000P\000r\000o\000d\000u\000c\000t\000i\000o\000n\000\040\000R\000e\000q\000u\000i\000r\000e\000m\000e\000n\000t\000s\000:\000\040\000H\000y\000b\000r\000i\000d\000\040\000C\000l\000o\000u\000d\000\040\000\046\000\040\000M\000u\000l\000t\000i\000-\000U\000s\000e\000r\000\040\000A\000c\000c\000e\000s\000s}{chapter.11}% 66
\BOOKMARK [1][-]{section.11.3}{\376\377\0003\000.\000\040\000E\000v\000a\000l\000u\000a\000t\000i\000o\000n\000:\000\040\000v\000L\000L\000M\000\040\000v\000s\000\040\000l\000l\000a\000m\000a\000.\000c\000p\000p}{chapter.11}% 67
\BOOKMARK [1][-]{section.11.4}{\376\377\0004\000.\000\040\000W\000h\000y\000\040\000l\000l\000a\000m\000a\000.\000c\000p\000p\000\040\000I\000s\000\040\000O\000u\000r\000\040\000P\000r\000o\000d\000u\000c\000t\000i\000o\000n\000\040\000C\000h\000o\000i\000c\000e}{chapter.11}% 68
\BOOKMARK [2][-]{subsection.11.4.1}{\376\377\000E\000x\000a\000m\000p\000l\000e\000:\000\040\000P\000r\000o\000d\000u\000c\000t\000i\000o\000n\000-\000R\000e\000a\000d\000y\000\040\000S\000e\000r\000v\000e\000r}{section.11.4}% 69
\BOOKMARK [1][-]{section.11.5}{\376\377\0005\000.\000\040\000M\000i\000g\000r\000a\000t\000i\000o\000n\000\040\000P\000a\000t\000h\000:\000\040\000F\000r\000o\000m\000\040\000O\000l\000l\000a\000m\000a\000\040\000\040\000l\000l\000a\000m\000a\000.\000c\000p\000p}{chapter.11}% 70
\BOOKMARK [1][-]{section.11.6}{\376\377\000S\000u\000m\000m\000a\000r\000y}{chapter.11}% 71
\BOOKMARK [0][-]{chapter.12}{\376\377\000H\000o\000w\000\040\000I\000n\000f\000i\000n\000i\000F\000l\000o\000w\000\040\000R\000A\000G\000F\000l\000o\000w\000\040\000U\000s\000e\000s\000\040\000g\000V\000i\000s\000o\000r}{}% 72
\BOOKMARK [1][-]{section.12.1}{\376\377\000g\000V\000i\000s\000o\000r\000\040\000I\000n\000t\000e\000g\000r\000a\000t\000i\000o\000n}{chapter.12}% 73
\BOOKMARK [2][-]{subsection.12.1.1}{\376\377\000W\000h\000a\000t\000\040\000i\000s\000\040\000g\000V\000i\000s\000o\000r\000?}{section.12.1}% 74
\BOOKMARK [1][-]{section.12.2}{\376\377\000H\000o\000w\000\040\000R\000A\000G\000F\000l\000o\000w\000\040\000U\000s\000e\000s\000\040\000g\000V\000i\000s\000o\000r\000\040\000S\000a\000n\000d\000b\000o\000x\000e\000s}{chapter.12}% 75
\BOOKMARK [1][-]{section.12.3}{\376\377\000S\000e\000c\000u\000r\000i\000t\000y\000\040\000A\000d\000v\000a\000n\000t\000a\000g\000e\000s\000\040\000i\000n\000\040\000P\000r\000a\000c\000t\000i\000c\000e}{chapter.12}% 76
\BOOKMARK [1][-]{section.12.4}{\376\377\000E\000n\000a\000b\000l\000i\000n\000g\000/\000D\000i\000s\000a\000b\000l\000i\000n\000g\000\040\000t\000h\000e\000\040\000S\000a\000n\000d\000b\000o\000x}{chapter.12}% 77
\BOOKMARK [1][-]{section.12.5}{\376\377\000S\000u\000m\000m\000a\000r\000y}{chapter.12}% 78
\BOOKMARK [0][-]{chapter.13}{\376\377\000R\000A\000G\000F\000l\000o\000w\000\040\000G\000P\000U\000\040\000v\000s\000\040\000C\000P\000U\000:\000\040\000F\000u\000l\000l\000\040\000E\000x\000p\000l\000a\000n\000a\000t\000i\000o\000n\000\040\000\050\0002\0000\0002\0005\000\040\000E\000d\000i\000t\000i\000o\000n\000\051}{}% 79
\BOOKMARK [1][-]{section.13.1}{\376\377\000W\000h\000y\000\040\000D\000o\000e\000s\000\040\000R\000A\000G\000F\000l\000o\000w\000\040\000S\000t\000i\000l\000l\000\040\000N\000e\000e\000d\000\040\000a\000\040\000G\000P\000U\000\040\000E\000v\000e\000n\000\040\000W\000h\000e\000n\000\040\000U\000s\000i\000n\000g\000\040\000O\000l\000l\000a\000m\000a\000?}{chapter.13}% 80
\BOOKMARK [1][-]{section.13.2}{\376\377\000C\000o\000m\000p\000l\000e\000t\000e\000\040\000R\000A\000G\000F\000l\000o\000w\000\040\000P\000i\000p\000e\000l\000i\000n\000e\000\040\000\050\000w\000i\000t\000h\000\040\000G\000P\000U\000\040\000u\000s\000a\000g\000e\000\040\000m\000a\000r\000k\000e\000d\000\051}{chapter.13}% 81
\BOOKMARK [1][-]{section.13.3}{\376\377\000W\000h\000a\000t\000\040\000D\000e\000e\000p\000D\000o\000c\000\040\000A\000c\000t\000u\000a\000l\000l\000y\000\040\000D\000o\000e\000s\000\040\000\050\000a\000n\000d\000\040\000W\000h\000y\000\040\000G\000P\000U\000\040\000M\000a\000k\000e\000s\000\040\000I\000t\000\040\0005\040\023\0002\0000\000\327\000\040\000F\000a\000s\000t\000e\000r\000\051}{chapter.13}% 82
\BOOKMARK [1][-]{section.13.4}{\376\377\000R\000e\000a\000l\000-\000W\000o\000r\000l\000d\000\040\000P\000e\000r\000f\000o\000r\000m\000a\000n\000c\000e\000\040\000N\000u\000m\000b\000e\000r\000s}{chapter.13}% 83
\BOOKMARK [1][-]{section.13.5}{\376\377\000W\000h\000e\000n\000\040\000D\000o\000\040\000Y\000o\000u\000\040\000A\000c\000t\000u\000a\000l\000l\000y\000\040\000N\000e\000e\000d\000\040\000r\000a\000g\000f\000l\000o\000w\000-\000g\000p\000u\000?}{chapter.13}% 84
\BOOKMARK [1][-]{section.13.6}{\376\377\000R\000e\000c\000o\000m\000m\000e\000n\000d\000e\000d\000\040\000S\000e\000t\000u\000p\000\040\000i\000n\000\040\0002\0000\0002\0005\000\040\000\050\000B\000e\000s\000t\000\040\000o\000f\000\040\000B\000o\000t\000h\000\040\000W\000o\000r\000l\000d\000s\000\051}{chapter.13}% 85
\BOOKMARK [1][-]{section.13.7}{\376\377\000M\000o\000n\000i\000t\000o\000r\000i\000n\000g\000\040\000\046\000\040\000V\000e\000r\000i\000f\000i\000c\000a\000t\000i\000o\000n}{chapter.13}% 86
\BOOKMARK [1][-]{section.13.8}{\376\377\000C\000o\000n\000c\000l\000u\000s\000i\000o\000n}{chapter.13}% 87
\BOOKMARK [0][-]{chapter.14}{\376\377\000I\000n\000d\000i\000c\000e\000s\000\040\000a\000n\000d\000\040\000t\000a\000b\000l\000e\000s}{}% 88
