\BOOKMARK [0][-]{chapter.1}{\376\377\000I\000n\000t\000r\000o}{}% 1
\BOOKMARK [1][-]{section.1.1}{\376\377\000H\000o\000m\000e\000l\000a\000b\000:\000\040\000\050\000d\000i\000d\000\040\000n\000o\000t\000\040\000w\000a\000n\000t\000\040\000t\000o\000\040\000c\000r\000e\000a\000t\000e\000\040\000s\000e\000p\000a\000r\000a\000t\000e\000\040\000r\000e\000p\000o\000\051}{chapter.1}% 2
\BOOKMARK [0][-]{chapter.2}{\376\377\000r\000e\000a\000d\000t\000h\000e\000d\000o\000c\000s}{}% 3
\BOOKMARK [1][-]{section.2.1}{\376\377\000s\000p\000h\000i\000n\000x}{chapter.2}% 4
\BOOKMARK [1][-]{section.2.2}{\376\377\000i\000n\000t\000e\000g\000r\000a\000t\000i\000o\000n\000\040\000g\000i\000t\000h\000u\000b}{chapter.2}% 5
\BOOKMARK [0][-]{chapter.3}{\376\377\000i\000n\000s\000t\000a\000l\000l\000\040\000s\000o\000m\000e\000t\000h\000i\000n\000g\000\040\000f\000r\000o\000m\000\040\000d\000o\000c\000k\000e\000r}{}% 6
\BOOKMARK [1][-]{section.3.1}{\376\377\000u\000s\000i\000n\000g\000\040\000p\000o\000r\000t\000a\000i\000n\000e\000r\000:}{chapter.3}% 7
\BOOKMARK [1][-]{section.3.2}{\376\377\000u\000s\000i\000n\000g\000\040\000g\000i\000t\000h\000u\000b\000\040\000t\000o\000\040\000b\000u\000i\000l\000d\000\040\000c\000o\000n\000t\000a\000i\000n\000e\000r\000s\000:}{chapter.3}% 8
\BOOKMARK [1][-]{section.3.3}{\376\377\000P\000r\000o\000j\000e\000c\000t\000\040\000D\000o\000c\000k\000e\000r\000f\000i\000l\000e\000s\000:}{chapter.3}% 9
\BOOKMARK [1][-]{section.3.4}{\376\377\000l\000e\000e\000c\000h\000e\000r\000:}{chapter.3}% 10
\BOOKMARK [1][-]{section.3.5}{\376\377\000e\000m\000b\000e\000d\000d\000e\000r\000:}{chapter.3}% 11
\BOOKMARK [1][-]{section.3.6}{\376\377\000p\000o\000s\000t\000g\000r\000e\000s\000:}{chapter.3}% 12
\BOOKMARK [1][-]{section.3.7}{\376\377\000C\000o\000n\000t\000a\000i\000n\000e\000r\000s}{chapter.3}% 13
\BOOKMARK [1][-]{section.3.8}{\376\377\000c\000o\000m\000p\000o\000s\000e}{chapter.3}% 14
\BOOKMARK [1][-]{section.3.9}{\376\377\000h\000o\000w\000\040\000t\000o\000\040\000c\000o\000p\000y\000\040\000p\000d\000f\000\040\000f\000i\000l\000e\000s\000\040\000t\000o\000\040\000t\000h\000e\000\040\000c\000o\000n\000t\000a\000i\000n\000e\000r\000?}{chapter.3}% 15
\BOOKMARK [1][-]{section.3.10}{\376\377\000u\000s\000i\000n\000g\000\040\000g\000i\000t\000h\000u\000b\000\040\000a\000c\000t\000i\000o\000n\000s\000\040\000t\000o\000\040\000b\000u\000i\000l\000d\000\040\000d\000o\000c\000k\000e\000r\000\040\000c\000o\000n\000t\000a\000i\000n\000e\000r\000s}{chapter.3}% 16
\BOOKMARK [0][-]{chapter.4}{\376\377\000T\000R\000I\000C\000K\000\040\000:\000\040\000m\000u\000l\000t\000i\000p\000l\000e\000\040\000c\000o\000n\000t\000a\000i\000n\000e\000r\000s\000\040\000w\000i\000t\000h\000\040\000g\000i\000t\000h\000u\000b}{}% 17
\BOOKMARK [1][-]{section.4.1}{\376\377\000e\000l\000a\000s\000t\000i\000c\000s\000e\000a\000r\000c\000h\000:}{chapter.4}% 18
\BOOKMARK [0][-]{chapter.5}{\376\377\000E\000l\000a\000s\000t\000i\000c\000s\000e\000a\000r\000c\000h}{}% 19
\BOOKMARK [0][-]{chapter.6}{\376\377\000s\000t\000o\000r\000i\000n\000g\000\040\000v\000e\000c\000t\000o\000r\000\040\000+\000\040\000m\000e\000t\000a\000d\000a\000t\000a}{}% 20
\BOOKMARK [0][-]{chapter.7}{\376\377\000G\000i\000t\000h\000u\000b\000\040\000A\000c\000t\000i\000o\000n\000s}{}% 21
\BOOKMARK [1][-]{section.7.1}{\376\377\000b\000u\000i\000l\000d\000\040\000d\000o\000c\000k\000e\000r\000\040\000i\000m\000a\000g\000e\000s\000\040\000i\000n\000\040\000g\000i\000t\000h\000u\000b}{chapter.7}% 22
\BOOKMARK [1][-]{section.7.2}{\376\377\000d\000o\000c\000k\000e\000r\000\040\000p\000u\000b\000l\000i\000s\000h}{chapter.7}% 23
\BOOKMARK [1][-]{section.7.3}{\376\377\000a\000d\000a\000p\000t\000\040\000d\000o\000c\000k\000e\000r\000-\000p\000u\000b\000l\000i\000s\000h\000.\000y\000m\000l}{chapter.7}% 24
\BOOKMARK [1][-]{section.7.4}{\376\377\000w\000h\000e\000r\000e\000\040\000t\000o\000\040\000f\000i\000n\000d\000\040\000t\000h\000e\000\040\000p\000u\000b\000l\000i\000s\000h\000e\000d\000\040\000c\000o\000n\000t\000a\000i\000n\000e\000r\000s\000?}{chapter.7}% 25
\BOOKMARK [0][-]{chapter.8}{\376\377\000p\000y\000t\000h\000o\000n\000\040\000t\000e\000c\000h\000n\000o\000l\000o\000g\000y}{}% 26
\BOOKMARK [0][-]{chapter.9}{\376\377\000a\000p\000p\000l\000i\000c\000a\000t\000i\000o\000n\000:}{}% 27
\BOOKMARK [0][-]{chapter.10}{\376\377\000t\000e\000c\000h\000n\000o\000l\000o\000g\000y}{}% 28
\BOOKMARK [0][-]{chapter.11}{\376\377\000W\000e\000l\000c\000o\000m\000e\000\040\000t\000o\000\040\000p\000r\000o\000x\000m\000o\000x\000-\000d\000o\000x\040\031\000s\000\040\000d\000o\000c\000u\000m\000e\000n\000t\000a\000t\000i\000o\000n\000!}{}% 29
\BOOKMARK [1][-]{section.11.1}{\376\377\000i\000n\000t\000r\000o}{chapter.11}% 30
\BOOKMARK [2][-]{subsection.11.1.1}{\376\377\000h\000o\000m\000e\000l\000a\000b}{section.11.1}% 31
\BOOKMARK [2][-]{subsection.11.1.2}{\376\377\000s\000o\000f\000t\000w\000a\000r\000e}{section.11.1}% 32
\BOOKMARK [1][-]{section.11.2}{\376\377\000U\000p\000g\000r\000a\000d\000i\000n\000g\000\040\000h\000o\000m\000e\000l\000a\000b\000\040\000H\000P\000\040\000D\000L\000\040\0003\0008\0000\000p}{chapter.11}% 33
\BOOKMARK [2][-]{subsection.11.2.1}{\376\377\000l\000a\000t\000e\000s\000t\000\040\000B\000I\000O\000S}{section.11.2}% 34
\BOOKMARK [2][-]{subsection.11.2.2}{\376\377\000M\0002\000\040\000d\000i\000s\000k\000\040\000d\000r\000i\000v\000e}{section.11.2}% 35
\BOOKMARK [2][-]{subsection.11.2.3}{\376\377\000S\000a\000t\000a}{section.11.2}% 36
\BOOKMARK [2][-]{subsection.11.2.4}{\376\377\000B\000o\000o\000t\000c\000o\000n\000f\000i\000g}{section.11.2}% 37
\BOOKMARK [1][-]{section.11.3}{\376\377\000W\000h\000e\000r\000e\000\040\000c\000a\000n\000\040\000I\000\040\000f\000i\000n\000d\000\040\000m\000o\000r\000e\000\040\000T\000e\000m\000p\000l\000a\000t\000e\000s\000?}{chapter.11}% 38
\BOOKMARK [1][-]{section.11.4}{\376\377\000r\000e\000a\000d\000i\000n\000g\000\040\000d\000a\000t\000a\000\040\000f\000r\000o\000m\000\040\000U\000S\000B\000\040\000s\000t\000i\000c\000k}{chapter.11}% 39
\BOOKMARK [2][-]{subsection.11.4.1}{\376\377\000c\000r\000e\000a\000t\000e\000\040\000a\000\040\000m\000p\000\040\000o\000n\000\040\000C\000T\000\040\000\050\000c\000o\000n\000t\000a\000i\000n\000e\000r\0000\0002\000\051}{section.11.4}% 40
\BOOKMARK [2][-]{subsection.11.4.2}{\376\377\000t\000r\000a\000n\000s\000f\000e\000r\000\040\000t\000o\000\040\000C\000T\000\040\000\050\000n\000a\000m\000e\000\040\000=\000\040\000c\000o\000n\000t\000a\000i\000n\000e\000r\0000\0002\000\051}{section.11.4}% 41
\BOOKMARK [1][-]{section.11.5}{\376\377\000r\000a\000m\000d\000i\000s\000k}{chapter.11}% 42
\BOOKMARK [2][-]{subsection.11.5.1}{\376\377\000C\000a\000n\000\040\000I\000\040\000u\000s\000e\000\040\000R\000A\000M\000\040\000a\000s\000\040\000a\000\040\000d\000i\000s\000k\000?}{section.11.5}% 43
\BOOKMARK [2][-]{subsection.11.5.2}{\376\377\000s\000p\000e\000e\000d\000t\000e\000s\000t}{section.11.5}% 44
\BOOKMARK [1][-]{section.11.6}{\376\377\000s\000h\000a\000r\000i\000n\000g\000\040\000a\000\040\000d\000i\000r\000e\000c\000t\000o\000r\000y\000\040\000f\000o\000r\000\040\000L\000X\000C}{chapter.11}% 45
\BOOKMARK [2][-]{subsection.11.6.1}{\376\377\000m\000o\000d\000i\000f\000y\000\040\000t\000h\000e\000\040\000l\000x\000c}{section.11.6}% 46
\BOOKMARK [2][-]{subsection.11.6.2}{\376\377\000o\000n\000\040\000P\000V\000E\000\040\000m\000o\000d\000i\000f\000y\000\040\000t\000h\000e\000\040\000l\000x\000c\000\040\000c\000o\000n\000f\000i\000g}{section.11.6}% 47
\BOOKMARK [1][-]{section.11.7}{\376\377\000m\000o\000v\000i\000n\000g\000\040\000a\000\040\000L\000X\000C\000\040\000c\000o\000n\000t\000a\000i\000n\000e\000r}{chapter.11}% 48
\BOOKMARK [1][-]{section.11.8}{\376\377\000n\000f\000s\000\040\000n\000e\000t\000w\000o\000r\000k\000\040\000b\000e\000t\000w\000e\000e\000n\000\040\000l\000i\000n\000u\000x\000\040\000c\000o\000n\000t\000a\000i\000n\000e\000r\000s}{chapter.11}% 49
\BOOKMARK [2][-]{subsection.11.8.1}{\376\377\000s\000e\000t\000\040\000u\000p\000\040\000a\000\040\000b\000r\000i\000d\000g\000e}{section.11.8}% 50
\BOOKMARK [2][-]{subsection.11.8.2}{\376\377\000d\000e\000f\000i\000n\000e\000\040\000a\000n\000\040\000e\000x\000t\000r\000a\000\040\000n\000e\000t\000w\000o\000r\000k\000\040\000i\000n\000t\000e\000r\000f\000a\000c\000e\000\040\000i\000n\000\040\000r\000a\000n\000g\000e\000\040\0001\0000\000.\0000\000.\0000\000.\000X}{section.11.8}% 51
\BOOKMARK [1][-]{section.11.9}{\376\377\000N\000F\000S\000\040\000H\000o\000s\000t\000\040\000a\000n\000d\000\040\000C\000l\000i\000e\000n\000t\000\040\000S\000e\000t\000u\000p\000\040\000i\000n\000\040\000P\000r\000o\000x\000m\000o\000x}{chapter.11}% 52
\BOOKMARK [1][-]{section.11.10}{\376\377\000n\000f\000s\000\040\000c\000l\000i\000e\000n\000t}{chapter.11}% 53
\BOOKMARK [2][-]{subsection.11.10.1}{\376\377\000u\000n\000d\000e\000r\000\040\000n\000o\000d\000e\000\040\000p\000v\000e}{section.11.10}% 54
\BOOKMARK [1][-]{section.11.11}{\376\377\000P\000o\000r\000t\000a\000i\000n\000e\000r}{chapter.11}% 55
\BOOKMARK [2][-]{subsection.11.11.1}{\376\377\000u\000s\000i\000n\000g\000\040\000a\000\040\000s\000c\000r\000i\000p\000t}{section.11.11}% 56
\BOOKMARK [2][-]{subsection.11.11.2}{\376\377\000b\000y\000\040\000h\000a\000n\000d}{section.11.11}% 57
\BOOKMARK [2][-]{subsection.11.11.3}{\376\377\000e\000x\000p\000o\000r\000t\000i\000n\000g\000\040\000\046\000\040\000i\000m\000p\000o\000r\000t\000i\000n\000g}{section.11.11}% 58
\BOOKMARK [1][-]{section.11.12}{\376\377\000s\000e\000r\000v\000e\000r\000\040\000f\000o\000r\000\040\000b\000l\000e\000n\000d\000e\000r}{chapter.11}% 59
\BOOKMARK [2][-]{subsection.11.12.1}{\376\377\000h\000o\000w\000t\000o\000\040\000r\000e\000n\000d\000e\000r\000?}{section.11.12}% 60
\BOOKMARK [2][-]{subsection.11.12.2}{\376\377\000f\000a\000s\000t\000e\000r\000\040\000/\000\040\000l\000e\000s\000s\000\040\000g\000o\000o\000d}{section.11.12}% 61
\BOOKMARK [2][-]{subsection.11.12.3}{\376\377\000a\000t\000\040\000t\000h\000e\000\040\000m\000o\000v\000i\000e\000s}{section.11.12}% 62
\BOOKMARK [1][-]{section.11.13}{\376\377\000o\000l\000l\000a\000m\000a\000\040\000i\000n\000s\000t\000a\000l\000l\000\040\000a\000n\000d\000\040\000u\000s\000e}{chapter.11}% 63
\BOOKMARK [2][-]{subsection.11.13.1}{\376\377\000u\000s\000i\000n\000g\000\040\000a\000\040\000c\000o\000n\000t\000a\000i\000n\000e\000r}{section.11.13}% 64
\BOOKMARK [1][-]{section.11.14}{\376\377\000c\000o\000n\000f\000i\000g\000u\000r\000e\000\040\000e\000l\000a\000s\000t\000i\000c\000v\000i\000e\000w}{chapter.11}% 65
\BOOKMARK [2][-]{subsection.11.14.1}{\376\377\000e\000l\000a\000s\000t\000i\000c\000s\000e\000a\000r\000c\000h\000\040\000p\000a\000s\000s\000w\000o\000r\000d}{section.11.14}% 66
\BOOKMARK [2][-]{subsection.11.14.2}{\376\377\000t\000e\000s\000t\000i\000n\000g\000\040\000e\000l\000a\000s\000t\000i\000c\000v\000i\000e\000w\000\040\000c\000o\000n\000n\000e\000c\000t\000i\000o\000n}{section.11.14}% 67
\BOOKMARK [2][-]{subsection.11.14.3}{\376\377\000g\000e\000t\000t\000i\000n\000g\000\040\000w\000e\000b\000s\000i\000t\000e\000\040\000c\000e\000r\000t\000i\000f\000i\000c\000a\000t\000e}{section.11.14}% 68
\BOOKMARK [1][-]{section.11.15}{\376\377\000m\000o\000u\000n\000t\000i\000n\000g}{chapter.11}% 69
\BOOKMARK [1][-]{section.11.16}{\376\377\000e\000d\000i\000t\000\040\000/\000e\000t\000c\000/\000f\000s\000t\000a\000b}{chapter.11}% 70
\BOOKMARK [1][-]{section.11.17}{\376\377\000B\000a\000c\000k\000u\000p\000\040\000p\000v\000e}{chapter.11}% 71
\BOOKMARK [1][-]{section.11.18}{\376\377\000R\000A\000I\000D}{chapter.11}% 72
\BOOKMARK [2][-]{subsection.11.18.1}{\376\377\000N\000o\000\040\000m\000o\000r\000e\000\040\000r\000a\000i\000d\000\040\000:}{section.11.18}% 73
\BOOKMARK [1][-]{section.11.19}{\376\377\000m\000e\000l\000b\000o\000r\000p\000\040\000s\000e\000r\000v\000e\000r}{chapter.11}% 74
\BOOKMARK [2][-]{subsection.11.19.1}{\376\377\000s\000o\000l\000u\000t\000i\000o\000n\000\040\000f\000o\000r\000\040\000p\000r\000o\000b\000l\000e\000m\000\040\000r\000u\000n\000n\000i\000n\000g\000\040\000p\000g\000a\000d\000m\000i\000n\000\040\000c\000o\000n\000t\000a\000i\000n\000e\000r\000\040\000a\000n\000d\000\040\000n\000g\000i\000n\000x}{section.11.19}% 75
\BOOKMARK [0][-]{chapter.12}{\376\377\000I\000n\000d\000i\000c\000e\000s\000\040\000a\000n\000d\000\040\000t\000a\000b\000l\000e\000s}{}% 76
